0 info it worked if it ends with ok
1 verbose cli [ '/Users/sebs/.nvm/versions/node/v6.3.1/bin/node',
1 verbose cli   '/Users/sebs/.nvm/versions/node/v6.3.1/bin/npm',
1 verbose cli   'version',
1 verbose cli   'minor' ]
2 info using npm@3.10.3
3 info using node@v6.3.1
4 info git [ 'status', '--porcelain' ]
5 info lifecycle generator-nodecli-awesome@2.1.0~preversion: generator-nodecli-awesome@2.1.0
6 silly lifecycle generator-nodecli-awesome@2.1.0~preversion: no script for preversion, continuing
7 verbose version.write data { name: 'generator-nodecli-awesome',
7 verbose version.write   version: '2.1.0',
7 verbose version.write   description: 'A improved Yeoman generator for nodejs cli modules',
7 verbose version.write   keywords:
7 verbose version.write    [ 'yeoman-generator',
7 verbose version.write      'mocha',
7 verbose version.write      'yeoman',
7 verbose version.write      'generator',
7 verbose version.write      'node.js',
7 verbose version.write      'cli',
7 verbose version.write      'node',
7 verbose version.write      'yo' ],
7 verbose version.write   homepage: 'https://github.com/sebs/generator-nodecli-awesome',
7 verbose version.write   bugs: 'https://github.com/sebs/generator-nodecli-awesome/issues',
7 verbose version.write   author:
7 verbose version.write    { name: 'Sebastian Schürmann',
7 verbose version.write      email: 'sebs@2xs.org',
7 verbose version.write      url: 'https://github.com/sebs' },
7 verbose version.write   contributors:
7 verbose version.write    [ { name: 'Sebastian Schürmann',
7 verbose version.write        email: 'sebs@2xs.org',
7 verbose version.write        url: 'https://github.com/sebs' },
7 verbose version.write      { name: 'Walid Saad',
7 verbose version.write        email: 'walid.sa3d@gmail.com',
7 verbose version.write        url: 'https://github.com/walidsa3d' } ],
7 verbose version.write   main: 'app/index.js',
7 verbose version.write   repository:
7 verbose version.write    { type: 'git',
7 verbose version.write      url: 'git://github.com/sebs/generator-nodecli-awesome.git' },
7 verbose version.write   scripts:
7 verbose version.write    { test: './node_modules/.bin/mocha',
7 verbose version.write      postversion: 'git push && git push --tags && git push' },
7 verbose version.write   dependencies: { 'yeoman-generator': '~0.16.0', 'git-config': '0.0.6' },
7 verbose version.write   devDependencies: { grunt: '^0.4.5', mocha: '^1.18.2' },
7 verbose version.write   peerDependencies: { yo: '>=1.1.2' },
7 verbose version.write   engines: { node: '>=0.8.0', npm: '>=1.2.10' },
7 verbose version.write   licenses: [ { type: 'MIT' } ] } to package.json
8 info lifecycle generator-nodecli-awesome@2.1.0~version: generator-nodecli-awesome@2.1.0
9 silly lifecycle generator-nodecli-awesome@2.1.0~version: no script for version, continuing
10 info git [ 'add',
10 info git   '/Users/sebs/projects/opensource/generator-nodecli-awesome/package.json' ]
11 info git [ 'commit', '-m', '2.1.0' ]
12 info git [ 'tag', 'v2.1.0', '-am', '2.1.0' ]
13 info lifecycle generator-nodecli-awesome@2.1.0~postversion: generator-nodecli-awesome@2.1.0
14 verbose lifecycle generator-nodecli-awesome@2.1.0~postversion: unsafe-perm in lifecycle true
15 verbose lifecycle generator-nodecli-awesome@2.1.0~postversion: PATH: /Users/sebs/.nvm/versions/node/v6.3.1/lib/node_modules/npm/bin/node-gyp-bin:/Users/sebs/projects/opensource/generator-nodecli-awesome/node_modules/.bin:/Users/sebs/.nvm/versions/node/v6.3.1/bin:/Users/sebs/.nvm/versions/node/v6.3.1/bin:/usr/local/bin:/usr/bin:/bin:/usr/sbin:/sbin:/usr/local/go/bin
16 verbose lifecycle generator-nodecli-awesome@2.1.0~postversion: CWD: /Users/sebs/projects/opensource/generator-nodecli-awesome
17 silly lifecycle generator-nodecli-awesome@2.1.0~postversion: Args: [ '-c', 'git push && git push --tags && git push' ]
18 silly lifecycle generator-nodecli-awesome@2.1.0~postversion: Returned: code: 1  signal: null
19 info lifecycle generator-nodecli-awesome@2.1.0~postversion: Failed to exec postversion script
20 verbose stack Error: generator-nodecli-awesome@2.1.0 postversion: `git push && git push --tags && git push`
20 verbose stack Exit status 1
20 verbose stack     at EventEmitter.<anonymous> (/Users/sebs/.nvm/versions/node/v6.3.1/lib/node_modules/npm/lib/utils/lifecycle.js:242:16)
20 verbose stack     at emitTwo (events.js:106:13)
20 verbose stack     at EventEmitter.emit (events.js:191:7)
20 verbose stack     at ChildProcess.<anonymous> (/Users/sebs/.nvm/versions/node/v6.3.1/lib/node_modules/npm/lib/utils/spawn.js:40:14)
20 verbose stack     at emitTwo (events.js:106:13)
20 verbose stack     at ChildProcess.emit (events.js:191:7)
20 verbose stack     at maybeClose (internal/child_process.js:852:16)
20 verbose stack     at Process.ChildProcess._handle.onexit (internal/child_process.js:215:5)
21 verbose pkgid generator-nodecli-awesome@2.1.0
22 verbose cwd /Users/sebs/projects/opensource/generator-nodecli-awesome
23 error Darwin 15.6.0
24 error argv "/Users/sebs/.nvm/versions/node/v6.3.1/bin/node" "/Users/sebs/.nvm/versions/node/v6.3.1/bin/npm" "version" "minor"
25 error node v6.3.1
26 error npm  v3.10.3
27 error code ELIFECYCLE
28 error generator-nodecli-awesome@2.1.0 postversion: `git push && git push --tags && git push`
28 error Exit status 1
29 error Failed at the generator-nodecli-awesome@2.1.0 postversion script 'git push && git push --tags && git push'.
29 error Make sure you have the latest version of node.js and npm installed.
29 error If you do, this is most likely a problem with the generator-nodecli-awesome package,
29 error not with npm itself.
29 error Tell the author that this fails on your system:
29 error     git push && git push --tags && git push
29 error You can get information on how to open an issue for this project with:
29 error     npm bugs generator-nodecli-awesome
29 error Or if that isn't available, you can get their info via:
29 error     npm owner ls generator-nodecli-awesome
29 error There is likely additional logging output above.
30 verbose exit [ 1, true ]
